2026-02-18 21:22:08,393 - test_logger - INFO - This is an INFO message (green)
2026-02-18 21:22:08,394 - test_logger - WARNING - This is a WARNING message (yellow)
2026-02-18 21:22:08,394 - test_logger - ERROR - This is an ERROR message (red)
2026-02-18 21:22:08,394 - test_logger - CRITICAL - This is a CRITICAL message (bold red)
Debug message - visible
Info message - visible
Warning message - visible
2026-02-18 21:22:08,397 - test_logger - INFO - Starting: Example task
2026-02-18 21:22:09,399 - test_logger - INFO - Completed: Example task (took 1.00s)
2026-02-18 21:22:09,901 - test_logger - INFO - Heavy computation completed in 0.50s
2026-02-19 12:48:09,292 - __main__ - INFO - Application initialized
2026-02-19 12:48:09,294 - __main__ - INFO - Setting up components...
2026-02-19 12:48:09,295 - __main__ - INFO - [1/5] Initializing browser...
2026-02-19 12:48:13,051 - __main__ - INFO - [2/5] Creating feature collector...
2026-02-19 12:48:13,054 - __main__ - INFO - [3/5] Loading ML model...
2026-02-19 12:48:13,054 - __main__ - WARNING - ML model not found at models\anomaly_detector.pkl
2026-02-19 12:48:13,054 - __main__ - INFO - Training new model...
2026-02-19 12:48:13,055 - __main__ - INFO - Collecting training data...
2026-02-19 13:01:03,839 - __main__ - ERROR - Insufficient training data: 19 samples (minimum: 50)
2026-02-19 13:01:03,840 - __main__ - WARNING - Model training failed, continuing without ML detection
2026-02-19 13:01:03,840 - __main__ - INFO - [4/5] Setting up rule-based analyzer...
2026-02-19 13:01:03,849 - __main__ - INFO - [5/5] Setting up output formatter...
2026-02-19 13:01:03,863 - __main__ - INFO - Collecting training data...
2026-02-19 13:13:41,370 - __main__ - ERROR - Insufficient training data: 20 samples (minimum: 50)
2026-02-19 13:13:41,400 - __main__ - INFO - Cleaning up...
